<?xml version="1.0" encoding="UTF-8"?>
<!-- Generated by org.testng.reporters.JUnitXMLReporter -->
<testsuite hostname="KingOfGotham" ignored="0" name="Default test" tests="2" failures="0" timestamp="04 Dec 2017 19:21:35 GMT" time="127.569" errors="0">
  <testcase name="testOrderThenCheckOut" time="43.631" classname="com.bestbuy.project.BestBuyAutomation.OrderThenCheckOutTest"/>
  <testcase name="testOrderThenCheckOut" time="35.93" classname="com.bestbuy.project.BestBuyAutomation.OrderThenCheckOutTest"/>
</testsuite> <!-- Default test -->
