<?xml version="1.0" encoding="UTF-8"?>
<testsuite xmlns:xsi="http://www.w3.org/2001/XMLSchema-instance" xsi:noNamespaceSchemaLocation="https://maven.apache.org/surefire/maven-surefire-plugin/xsd/surefire-test-report.xsd" name="TestSuite" time="32.506" tests="1" errors="0" skipped="0" failures="1">
  <properties>
[...]
</properties>
  <testcase name="testAddRemoveAddress" classname="com.bestbuy.project.BestBuyAutomation.AddThenRemoveShippingTest" time="15.664">
    <failure message="no such element: Unable to locate element: {&quot;method&quot;:&quot;class name&quot;,&quot;selector&quot;:&quot;addAddress&quot;}&#10;  (Session info: chrome=61.0.3163.100)&#10;  (Driver info: chromedriver=2.33.506120 (e3e53437346286c0bc2d2dc9aa4915ba81d9023f),platform=Windows NT 10.0.14393 x86_64) (WARNING: The server did not provide any stacktrace information)&#10;Command duration or timeout: 0 milliseconds&#10;For documentation on this error, please visit: http://seleniumhq.org/exceptions/no_such_element.html&#10;Build info: version: &apos;3.6.0&apos;, revision: &apos;6fbf3ec767&apos;, time: &apos;2017-09-27T15:28:36.4Z&apos;&#10;System info: host: &apos;KINGOFGOTHAM&apos;, ip: &apos;192.168.86.97&apos;, os.name: &apos;Windows 10&apos;, os.arch: &apos;amd64&apos;, os.version: &apos;10.0&apos;, java.version: &apos;1.8.0_111&apos;&#10;Driver info: org.openqa.selenium.chrome.ChromeDriver&#10;Capabilities [{mobileEmulationEnabled=false, hasTouchScreen=false, platform=XP, acceptSslCerts=true, webStorageEnabled=true, browserName=chrome, takesScreenshot=true, javascriptEnabled=true, platformName=XP, setWindowRect=true, unexpectedAlertBehaviour=, applicationCacheEnabled=false, rotatable=false, networkConnectionEnabled=false, chrome={chromedriverVersion=2.33.506120 (e3e53437346286c0bc2d2dc9aa4915ba81d9023f), userDataDir=C:\Users\cgcq0\AppData\Local\Temp\scoped_dir7472_15088}, takesHeapSnapshot=true, pageLoadStrategy=normal, unhandledPromptBehavior=, databaseEnabled=false, handlesAlerts=true, version=61.0.3163.100, browserConnectionEnabled=false, nativeEvents=true, locationContextEnabled=true, cssSelectorsEnabled=true}]&#10;Session ID: e798fa8f3a713ad34fecc56344ea604e&#10;*** Element info: {Using=class name, value=addAddress}" type="org.openqa.selenium.NoSuchElementException">org.openqa.selenium.NoSuchElementException: 
no such element: Unable to locate element: {"method":"class name","selector":"addAddress"}
  (Session info: chrome=61.0.3163.100)
  (Driver info: chromedriver=2.33.506120 (e3e53437346286c0bc2d2dc9aa4915ba81d9023f),platform=Windows NT 10.0.14393 x86_64) (WARNING: The server did not provide any stacktrace information)
Command duration or timeout: 0 milliseconds
For documentation on this error, please visit: http://seleniumhq.org/exceptions/no_such_element.html
Build info: version: '3.6.0', revision: '6fbf3ec767', time: '2017-09-27T15:28:36.4Z'
System info: host: 'KINGOFGOTHAM', ip: '192.168.86.97', os.name: 'Windows 10', os.arch: 'amd64', os.version: '10.0', java.version: '1.8.0_111'
Driver info: org.openqa.selenium.chrome.ChromeDriver
Capabilities [{mobileEmulationEnabled=false, hasTouchScreen=false, platform=XP, acceptSslCerts=true, webStorageEnabled=true, browserName=chrome, takesScreenshot=true, javascriptEnabled=true, platformName=XP, setWindowRect=true, unexpectedAlertBehaviour=, applicationCacheEnabled=false, rotatable=false, networkConnectionEnabled=false, chrome={chromedriverVersion=2.33.506120 (e3e53437346286c0bc2d2dc9aa4915ba81d9023f), userDataDir=C:\Users\cgcq0\AppData\Local\Temp\scoped_dir7472_15088}, takesHeapSnapshot=true, pageLoadStrategy=normal, unhandledPromptBehavior=, databaseEnabled=false, handlesAlerts=true, version=61.0.3163.100, browserConnectionEnabled=false, nativeEvents=true, locationContextEnabled=true, cssSelectorsEnabled=true}]
Session ID: e798fa8f3a713ad34fecc56344ea604e
*** Element info: {Using=class name, value=addAddress}
	at com.bestbuy.project.BestBuyAutomation.AddThenRemoveShippingTest.testAddRemoveAddress(AddThenRemoveShippingTest.java:41)
</failure>
    <system-out><![CDATA[17:22:08.766 [main] INFO  com.bestbuy.project.BestBuyAutomation.BrowserSetUp - Browser setup
17:22:16.243 [main] INFO  com.bestbuy.project.BestBuyAutomation.BrowserSetUp - Loading baseUrl
17:22:16.243 [main] INFO  com.bestbuy.project.BestBuyAutomation.BrowserSetUp - got driver in before class
Closing Modal
17:22:16.568 [main] INFO  com.bestbuy.project.BestBuyAutomation.BrowserSetUp - Handling modal popup
17:22:18.605 [main] INFO  com.bestbuy.project.BestBuyAutomation.LogInToAccount - Locate the account webelement
17:22:22.758 [main] INFO  com.bestbuy.project.BestBuyAutomation.LogInToAccount - Typing user email
17:22:23.016 [main] INFO  com.bestbuy.project.BestBuyAutomation.LogInToAccount - Typing user password
17:22:23.125 [main] INFO  com.bestbuy.project.BestBuyAutomation.LogInToAccount - Clicked on sign-in button
17:22:23.125 [main] INFO  com.bestbuy.project.BestBuyAutomation.LogInTest - logged in before adding Address
17:22:23.125 [main] INFO  com.bestbuy.project.BestBuyAutomation.AddShippingAddress - Add shipping address ----> Test case
]]></system-out>
    <system-err><![CDATA[Starting ChromeDriver 2.33.506120 (e3e53437346286c0bc2d2dc9aa4915ba81d9023f) on port 18896
Only local connections are allowed.
Nov 27, 2017 5:22:07 PM org.openqa.selenium.remote.ProtocolHandshake createSession
INFO: Detected dialect: OSS
]]></system-err>
  </testcase>
</testsuite>